<?xml version="1.0" encoding="UTF-8"?>
<robot generator="Robot 7.3 (Python 3.12.6 on win32)" generated="2025-06-02T20:02:41.835004" rpa="false" schemaversion="5">
<suite id="s1" name="Teste Login" source="C:\Users\renan\loginpage-main\tests\teste_login.robot">
<test id="s1-t1" name="Login Com Sucesso" line="14">
<kw name="Open Browser" owner="SeleniumLibrary">
<msg time="2025-06-02T20:02:42.107712" level="INFO">Opening browser 'chrome' to base url 'http://localhost:8080'.</msg>
<msg time="2025-06-02T20:02:48.469105" level="INFO" html="true">&lt;/td&gt;&lt;/tr&gt;&lt;tr&gt;&lt;td colspan="3"&gt;&lt;a href="selenium-screenshot-20.png"&gt;&lt;img src="selenium-screenshot-20.png" width="800px"&gt;&lt;/a&gt;</msg>
<msg time="2025-06-02T20:02:48.469105" level="FAIL">WebDriverException: Message: unknown error: net::ERR_CONNECTION_REFUSED
  (Session info: chrome=133.0.6943.128)
Stacktrace:
	GetHandleVerifier [0x00007FF6F324C6A5+28789]
	(No symbol) [0x00007FF6F31B5B20]
	(No symbol) [0x00007FF6F3048F9A]
	(No symbol) [0x00007FF6F3045936]
	(No symbol) [0x00007FF6F30366D9]
	(No symbol) [0x00007FF6F3038448]
	(No symbol) [0x00007FF6F30369E6]
	(No symbol) [0x00007FF6F3036466]
	(No symbol) [0x00007FF6F303612A]
	(No symbol) [0x00007FF6F3033CBA]
	(No symbol) [0x00007FF6F303459C]
	(No symbol) [0x00007FF6F304CDEA]
	(No symbol) [0x00007FF6F30F069E]
	(No symbol) [0x00007FF6F30C732A]
	(No symbol) [0x00007FF6F30EF7E3]
	(No symbol) [0x00007FF6F30C7103]
	(No symbol) [0x00007FF6F308FFC0]
	(No symbol) [0x00007FF6F3091273]
	GetHandleVerifier [0x00007FF6F3591AED+3458237]
	GetHandleVerifier [0x00007FF6F35A829C+3550316]
	GetHandleVerifier [0x00007FF6F359DB9D+3507565]
	GetHandleVerifier [0x00007FF6F3312C6A+841274]
	(No symbol) [0x00007FF6F31C09EF]
	(No symbol) [0x00007FF6F31BCB34]
	(No symbol) [0x00007FF6F31BCCD6]
	(No symbol) [0x00007FF6F31AC119]
	BaseThreadInitThunk [0x00007FF8B973E8D7+23]
	RtlUserThreadStart [0x00007FF8BA1FC5DC+44]
</msg>
<arg>${LOGIN_PAGE}</arg>
<arg>${BROWSER}</arg>
<doc>Opens a new browser instance to the optional ``url``.</doc>
<status status="FAIL" start="2025-06-02T20:02:42.107712" elapsed="6.363958">WebDriverException: Message: unknown error: net::ERR_CONNECTION_REFUSED
  (Session info: chrome=133.0.6943.128)
Stacktrace:
	GetHandleVerifier [0x00007FF6F324C6A5+28789]
	(No symbol) [0x00007FF6F31B5B20]
	(No symbol) [0x00007FF6F3048F9A]
	(No symbol) [0x00007FF6F3045936]
	(No symbol) [0x00007FF6F30366D9]
	(No symbol) [0x00007FF6F3038448]
	(No symbol) [0x00007FF6F30369E6]
	(No symbol) [0x00007FF6F3036466]
	(No symbol) [0x00007FF6F303612A]
	(No symbol) [0x00007FF6F3033CBA]
	(No symbol) [0x00007FF6F303459C]
	(No symbol) [0x00007FF6F304CDEA]
	(No symbol) [0x00007FF6F30F069E]
	(No symbol) [0x00007FF6F30C732A]
	(No symbol) [0x00007FF6F30EF7E3]
	(No symbol) [0x00007FF6F30C7103]
	(No symbol) [0x00007FF6F308FFC0]
	(No symbol) [0x00007FF6F3091273]
	GetHandleVerifier [0x00007FF6F3591AED+3458237]
	GetHandleVerifier [0x00007FF6F35A829C+3550316]
	GetHandleVerifier [0x00007FF6F359DB9D+3507565]
	GetHandleVerifier [0x00007FF6F3312C6A+841274]
	(No symbol) [0x00007FF6F31C09EF]
	(No symbol) [0x00007FF6F31BCB34]
	(No symbol) [0x00007FF6F31BCCD6]
	(No symbol) [0x00007FF6F31AC119]
	BaseThreadInitThunk [0x00007FF8B973E8D7+23]
	RtlUserThreadStart [0x00007FF8BA1FC5DC+44]
</status>
</kw>
<kw name="Input Text" owner="SeleniumLibrary">
<arg>id=username</arg>
<arg>${VALID_USER}</arg>
<doc>Types the given ``text`` into the text field identified by ``locator``.</doc>
<status status="NOT RUN" start="2025-06-02T20:02:48.472497" elapsed="0.000000"/>
</kw>
<kw name="Input Text" owner="SeleniumLibrary">
<arg>id=password</arg>
<arg>${VALID_PASSWORD}</arg>
<doc>Types the given ``text`` into the text field identified by ``locator``.</doc>
<status status="NOT RUN" start="2025-06-02T20:02:48.472497" elapsed="0.000000"/>
</kw>
<kw name="Click Button" owner="SeleniumLibrary">
<arg>xpath=//button</arg>
<doc>Clicks the button identified by ``locator``.</doc>
<status status="NOT RUN" start="2025-06-02T20:02:48.472497" elapsed="0.000000"/>
</kw>
<kw name="Sleep" owner="BuiltIn">
<arg>1s</arg>
<doc>Pauses the test executed for the given time.</doc>
<status status="NOT RUN" start="2025-06-02T20:02:48.472497" elapsed="0.000000"/>
</kw>
<kw name="Location Should Contain" owner="SeleniumLibrary">
<arg>dashboard.html</arg>
<doc>Verifies that the current URL contains ``expected``.</doc>
<status status="NOT RUN" start="2025-06-02T20:02:48.472497" elapsed="0.000000"/>
</kw>
<kw name="Close Browser" owner="SeleniumLibrary">
<doc>Closes the current browser.</doc>
<status status="NOT RUN" start="2025-06-02T20:02:48.472497" elapsed="0.000000"/>
</kw>
<status status="FAIL" start="2025-06-02T20:02:42.107712" elapsed="6.364785">WebDriverException: Message: unknown error: net::ERR_CONNECTION_REFUSED
  (Session info: chrome=133.0.6943.128)
Stacktrace:
	GetHandleVerifier [0x00007FF6F324C6A5+28789]
	(No symbol) [0x00007FF6F31B5B20]
	(No symbol) [0x00007FF6F3048F9A]
	(No symbol) [0x00007FF6F3045936]
	(No symbol) [0x00007FF6F30366D9]
	(No symbol) [0x00007FF6F3038448]
	(No symbol) [0x00007FF6F30369E6]
	(No symbol) [0x00007FF6F3036466]
	(No symbol) [0x00007FF6F303612A]
	(No symbol) [0x00007FF6F3033CBA]
	(No symbol) [0x00007FF6F303459C]
	(No symbol) [0x00007FF6F304CDEA]
	(No symbol) [0x00007FF6F30F069E]
	(No symbol) [0x00007FF6F30C732A]
	(No symbol) [0x00007FF6F30EF7E3]
	(No symbol) [0x00007FF6F30C7103]
	(No symbol) [0x00007FF6F308FFC0]
	(No symbol) [0x00007FF6F3091273]
	GetHandleVerifier [0x00007FF6F3591AED+3458237]
	GetHandleVerifier [0x00007FF6F35A829C+3550316]
	GetHandleVerifier [0x00007FF6F359DB9D+3507565]
	GetHandleVerifier [0x00007FF6F3312C6A+841274]
	(No symbol) [0x00007FF6F31C09EF]
	(No symbol) [0x00007FF6F31BCB34]
	(No symbol) [0x00007FF6F31BCCD6]
	(No symbol) [0x00007FF6F31AC119]
	BaseThreadInitThunk [0x00007FF8B973E8D7+23]
	RtlUserThreadStart [0x00007FF8BA1FC5DC+44]
</status>
</test>
<test id="s1-t2" name="Login Com Usuário Inválido" line="23">
<kw name="Open Browser" owner="SeleniumLibrary">
<msg time="2025-06-02T20:02:48.476307" level="INFO">Opening browser 'chrome' to base url 'http://localhost:8080'.</msg>
<msg time="2025-06-02T20:02:54.668350" level="INFO" html="true">&lt;/td&gt;&lt;/tr&gt;&lt;tr&gt;&lt;td colspan="3"&gt;&lt;a href="selenium-screenshot-21.png"&gt;&lt;img src="selenium-screenshot-21.png" width="800px"&gt;&lt;/a&gt;</msg>
<msg time="2025-06-02T20:02:54.668350" level="FAIL">WebDriverException: Message: unknown error: net::ERR_CONNECTION_REFUSED
  (Session info: chrome=133.0.6943.128)
Stacktrace:
	GetHandleVerifier [0x00007FF6F324C6A5+28789]
	(No symbol) [0x00007FF6F31B5B20]
	(No symbol) [0x00007FF6F3048F9A]
	(No symbol) [0x00007FF6F3045936]
	(No symbol) [0x00007FF6F30366D9]
	(No symbol) [0x00007FF6F3038448]
	(No symbol) [0x00007FF6F30369E6]
	(No symbol) [0x00007FF6F3036466]
	(No symbol) [0x00007FF6F303612A]
	(No symbol) [0x00007FF6F3033CBA]
	(No symbol) [0x00007FF6F303459C]
	(No symbol) [0x00007FF6F304CDEA]
	(No symbol) [0x00007FF6F30F069E]
	(No symbol) [0x00007FF6F30C732A]
	(No symbol) [0x00007FF6F30EF7E3]
	(No symbol) [0x00007FF6F30C7103]
	(No symbol) [0x00007FF6F308FFC0]
	(No symbol) [0x00007FF6F3091273]
	GetHandleVerifier [0x00007FF6F3591AED+3458237]
	GetHandleVerifier [0x00007FF6F35A829C+3550316]
	GetHandleVerifier [0x00007FF6F359DB9D+3507565]
	GetHandleVerifier [0x00007FF6F3312C6A+841274]
	(No symbol) [0x00007FF6F31C09EF]
	(No symbol) [0x00007FF6F31BCB34]
	(No symbol) [0x00007FF6F31BCCD6]
	(No symbol) [0x00007FF6F31AC119]
	BaseThreadInitThunk [0x00007FF8B973E8D7+23]
	RtlUserThreadStart [0x00007FF8BA1FC5DC+44]
</msg>
<arg>${LOGIN_PAGE}</arg>
<arg>${BROWSER}</arg>
<doc>Opens a new browser instance to the optional ``url``.</doc>
<status status="FAIL" start="2025-06-02T20:02:48.476307" elapsed="6.192043">WebDriverException: Message: unknown error: net::ERR_CONNECTION_REFUSED
  (Session info: chrome=133.0.6943.128)
Stacktrace:
	GetHandleVerifier [0x00007FF6F324C6A5+28789]
	(No symbol) [0x00007FF6F31B5B20]
	(No symbol) [0x00007FF6F3048F9A]
	(No symbol) [0x00007FF6F3045936]
	(No symbol) [0x00007FF6F30366D9]
	(No symbol) [0x00007FF6F3038448]
	(No symbol) [0x00007FF6F30369E6]
	(No symbol) [0x00007FF6F3036466]
	(No symbol) [0x00007FF6F303612A]
	(No symbol) [0x00007FF6F3033CBA]
	(No symbol) [0x00007FF6F303459C]
	(No symbol) [0x00007FF6F304CDEA]
	(No symbol) [0x00007FF6F30F069E]
	(No symbol) [0x00007FF6F30C732A]
	(No symbol) [0x00007FF6F30EF7E3]
	(No symbol) [0x00007FF6F30C7103]
	(No symbol) [0x00007FF6F308FFC0]
	(No symbol) [0x00007FF6F3091273]
	GetHandleVerifier [0x00007FF6F3591AED+3458237]
	GetHandleVerifier [0x00007FF6F35A829C+3550316]
	GetHandleVerifier [0x00007FF6F359DB9D+3507565]
	GetHandleVerifier [0x00007FF6F3312C6A+841274]
	(No symbol) [0x00007FF6F31C09EF]
	(No symbol) [0x00007FF6F31BCB34]
	(No symbol) [0x00007FF6F31BCCD6]
	(No symbol) [0x00007FF6F31AC119]
	BaseThreadInitThunk [0x00007FF8B973E8D7+23]
	RtlUserThreadStart [0x00007FF8BA1FC5DC+44]
</status>
</kw>
<kw name="Input Text" owner="SeleniumLibrary">
<arg>id=username</arg>
<arg>${INVALID_USER}</arg>
<doc>Types the given ``text`` into the text field identified by ``locator``.</doc>
<status status="NOT RUN" start="2025-06-02T20:02:54.672324" elapsed="0.000000"/>
</kw>
<kw name="Input Text" owner="SeleniumLibrary">
<arg>id=password</arg>
<arg>${VALID_PASSWORD}</arg>
<doc>Types the given ``text`` into the text field identified by ``locator``.</doc>
<status status="NOT RUN" start="2025-06-02T20:02:54.674082" elapsed="0.000000"/>
</kw>
<kw name="Click Button" owner="SeleniumLibrary">
<arg>xpath=//button</arg>
<doc>Clicks the button identified by ``locator``.</doc>
<status status="NOT RUN" start="2025-06-02T20:02:54.674870" elapsed="0.000000"/>
</kw>
<kw name="Sleep" owner="BuiltIn">
<arg>1s</arg>
<doc>Pauses the test executed for the given time.</doc>
<status status="NOT RUN" start="2025-06-02T20:02:54.674870" elapsed="0.000000"/>
</kw>
<kw name="Element Text Should Be" owner="SeleniumLibrary">
<arg>id=error-message</arg>
<arg>Usuário ou senha incorretos.</arg>
<doc>Verifies that element ``locator`` contains exact the text ``expected``.</doc>
<status status="NOT RUN" start="2025-06-02T20:02:54.674870" elapsed="0.000000"/>
</kw>
<kw name="Close Browser" owner="SeleniumLibrary">
<doc>Closes the current browser.</doc>
<status status="NOT RUN" start="2025-06-02T20:02:54.674870" elapsed="0.000000"/>
</kw>
<status status="FAIL" start="2025-06-02T20:02:48.474222" elapsed="6.200648">WebDriverException: Message: unknown error: net::ERR_CONNECTION_REFUSED
  (Session info: chrome=133.0.6943.128)
Stacktrace:
	GetHandleVerifier [0x00007FF6F324C6A5+28789]
	(No symbol) [0x00007FF6F31B5B20]
	(No symbol) [0x00007FF6F3048F9A]
	(No symbol) [0x00007FF6F3045936]
	(No symbol) [0x00007FF6F30366D9]
	(No symbol) [0x00007FF6F3038448]
	(No symbol) [0x00007FF6F30369E6]
	(No symbol) [0x00007FF6F3036466]
	(No symbol) [0x00007FF6F303612A]
	(No symbol) [0x00007FF6F3033CBA]
	(No symbol) [0x00007FF6F303459C]
	(No symbol) [0x00007FF6F304CDEA]
	(No symbol) [0x00007FF6F30F069E]
	(No symbol) [0x00007FF6F30C732A]
	(No symbol) [0x00007FF6F30EF7E3]
	(No symbol) [0x00007FF6F30C7103]
	(No symbol) [0x00007FF6F308FFC0]
	(No symbol) [0x00007FF6F3091273]
	GetHandleVerifier [0x00007FF6F3591AED+3458237]
	GetHandleVerifier [0x00007FF6F35A829C+3550316]
	GetHandleVerifier [0x00007FF6F359DB9D+3507565]
	GetHandleVerifier [0x00007FF6F3312C6A+841274]
	(No symbol) [0x00007FF6F31C09EF]
	(No symbol) [0x00007FF6F31BCB34]
	(No symbol) [0x00007FF6F31BCCD6]
	(No symbol) [0x00007FF6F31AC119]
	BaseThreadInitThunk [0x00007FF8B973E8D7+23]
	RtlUserThreadStart [0x00007FF8BA1FC5DC+44]
</status>
</test>
<test id="s1-t3" name="Login Com Senha Inválida" line="32">
<kw name="Open Browser" owner="SeleniumLibrary">
<msg time="2025-06-02T20:02:54.674870" level="INFO">Opening browser 'chrome' to base url 'http://localhost:8080'.</msg>
<arg>${LOGIN_PAGE}</arg>
<arg>${BROWSER}</arg>
<doc>Opens a new browser instance to the optional ``url``.</doc>
<status status="PASS" start="2025-06-02T20:02:54.674870" elapsed="2.379230"/>
</kw>
<kw name="Input Text" owner="SeleniumLibrary">
<msg time="2025-06-02T20:02:57.054100" level="INFO">Typing text 'admin' into text field 'id=username'.</msg>
<msg time="2025-06-02T20:02:57.057948" level="WARN">Keyword 'Capture Page Screenshot' could not be run on failure: Message: no such window: target window already closed
from unknown error: web view not found
  (Session info: chrome=133.0.6943.128)
Stacktrace:
	GetHandleVerifier [0x00007FF6F324C6A5+28789]
	(No symbol) [0x00007FF6F31B5B20]
	(No symbol) [0x00007FF6F3048F9A]
	(No symbol) [0x00007FF6F3021563]
	(No symbol) [0x00007FF6F30CEF1E]
	(No symbol) [0x00007FF6F30EF0D2]
	(No symbol) [0x00007FF6F30C7103]
	(No symbol) [0x00007FF6F308FFC0]
	(No symbol) [0x00007FF6F3091273]
	GetHandleVerifier [0x00007FF6F3591AED+3458237]
	GetHandleVerifier [0x00007FF6F35A829C+3550316]
	GetHandleVerifier [0x00007FF6F359DB9D+3507565]
	GetHandleVerifier [0x00007FF6F3312C6A+841274]
	(No symbol) [0x00007FF6F31C09EF]
	(No symbol) [0x00007FF6F31BCB34]
	(No symbol) [0x00007FF6F31BCCD6]
	(No symbol) [0x00007FF6F31AC119]
	BaseThreadInitThunk [0x00007FF8B973E8D7+23]
	RtlUserThreadStart [0x00007FF8BA1FC5DC+44]
</msg>
<msg time="2025-06-02T20:02:57.061688" level="FAIL">NoSuchWindowException: Message: no such window: target window already closed
from unknown error: web view not found
  (Session info: chrome=133.0.6943.128)
Stacktrace:
	GetHandleVerifier [0x00007FF6F324C6A5+28789]
	(No symbol) [0x00007FF6F31B5B20]
	(No symbol) [0x00007FF6F3048F9A]
	(No symbol) [0x00007FF6F3021563]
	(No symbol) [0x00007FF6F30CEF1E]
	(No symbol) [0x00007FF6F30EF0D2]
	(No symbol) [0x00007FF6F30C7103]
	(No symbol) [0x00007FF6F308FFC0]
	(No symbol) [0x00007FF6F3091273]
	GetHandleVerifier [0x00007FF6F3591AED+3458237]
	GetHandleVerifier [0x00007FF6F35A829C+3550316]
	GetHandleVerifier [0x00007FF6F359DB9D+3507565]
	GetHandleVerifier [0x00007FF6F3312C6A+841274]
	(No symbol) [0x00007FF6F31C09EF]
	(No symbol) [0x00007FF6F31BCB34]
	(No symbol) [0x00007FF6F31BCCD6]
	(No symbol) [0x00007FF6F31AC119]
	BaseThreadInitThunk [0x00007FF8B973E8D7+23]
	RtlUserThreadStart [0x00007FF8BA1FC5DC+44]
</msg>
<arg>id=username</arg>
<arg>${VALID_USER}</arg>
<doc>Types the given ``text`` into the text field identified by ``locator``.</doc>
<status status="FAIL" start="2025-06-02T20:02:57.054100" elapsed="0.007588">NoSuchWindowException: Message: no such window: target window already closed
from unknown error: web view not found
  (Session info: chrome=133.0.6943.128)
Stacktrace:
	GetHandleVerifier [0x00007FF6F324C6A5+28789]
	(No symbol) [0x00007FF6F31B5B20]
	(No symbol) [0x00007FF6F3048F9A]
	(No symbol) [0x00007FF6F3021563]
	(No symbol) [0x00007FF6F30CEF1E]
	(No symbol) [0x00007FF6F30EF0D2]
	(No symbol) [0x00007FF6F30C7103]
	(No symbol) [0x00007FF6F308FFC0]
	(No symbol) [0x00007FF6F3091273]
	GetHandleVerifier [0x00007FF6F3591AED+3458237]
	GetHandleVerifier [0x00007FF6F35A829C+3550316]
	GetHandleVerifier [0x00007FF6F359DB9D+3507565]
	GetHandleVerifier [0x00007FF6F3312C6A+841274]
	(No symbol) [0x00007FF6F31C09EF]
	(No symbol) [0x00007FF6F31BCB34]
	(No symbol) [0x00007FF6F31BCCD6]
	(No symbol) [0x00007FF6F31AC119]
	BaseThreadInitThunk [0x00007FF8B973E8D7+23]
	RtlUserThreadStart [0x00007FF8BA1FC5DC+44]
</status>
</kw>
<kw name="Input Text" owner="SeleniumLibrary">
<arg>id=password</arg>
<arg>${INVALID_PASSWORD}</arg>
<doc>Types the given ``text`` into the text field identified by ``locator``.</doc>
<status status="NOT RUN" start="2025-06-02T20:02:57.063669" elapsed="0.000000"/>
</kw>
<kw name="Click Button" owner="SeleniumLibrary">
<arg>xpath=//button</arg>
<doc>Clicks the button identified by ``locator``.</doc>
<status status="NOT RUN" start="2025-06-02T20:02:57.063669" elapsed="0.000000"/>
</kw>
<kw name="Sleep" owner="BuiltIn">
<arg>1s</arg>
<doc>Pauses the test executed for the given time.</doc>
<status status="NOT RUN" start="2025-06-02T20:02:57.065673" elapsed="0.000000"/>
</kw>
<kw name="Element Text Should Be" owner="SeleniumLibrary">
<arg>id=error-message</arg>
<arg>Usuário ou senha incorretos.</arg>
<doc>Verifies that element ``locator`` contains exact the text ``expected``.</doc>
<status status="NOT RUN" start="2025-06-02T20:02:57.065673" elapsed="0.000000"/>
</kw>
<kw name="Close Browser" owner="SeleniumLibrary">
<doc>Closes the current browser.</doc>
<status status="NOT RUN" start="2025-06-02T20:02:57.067019" elapsed="0.000000"/>
</kw>
<status status="FAIL" start="2025-06-02T20:02:54.674870" elapsed="2.392149">NoSuchWindowException: Message: no such window: target window already closed
from unknown error: web view not found
  (Session info: chrome=133.0.6943.128)
Stacktrace:
	GetHandleVerifier [0x00007FF6F324C6A5+28789]
	(No symbol) [0x00007FF6F31B5B20]
	(No symbol) [0x00007FF6F3048F9A]
	(No symbol) [0x00007FF6F3021563]
	(No symbol) [0x00007FF6F30CEF1E]
	(No symbol) [0x00007FF6F30EF0D2]
	(No symbol) [0x00007FF6F30C7103]
	(No symbol) [0x00007FF6F308FFC0]
	(No symbol) [0x00007FF6F3091273]
	GetHandleVerifier [0x00007FF6F3591AED+3458237]
	GetHandleVerifier [0x00007FF6F35A829C+3550316]
	GetHandleVerifier [0x00007FF6F359DB9D+3507565]
	GetHandleVerifier [0x00007FF6F3312C6A+841274]
	(No symbol) [0x00007FF6F31C09EF]
	(No symbol) [0x00007FF6F31BCB34]
	(No symbol) [0x00007FF6F31BCCD6]
	(No symbol) [0x00007FF6F31AC119]
	BaseThreadInitThunk [0x00007FF8B973E8D7+23]
	RtlUserThreadStart [0x00007FF8BA1FC5DC+44]
</status>
</test>
<status status="FAIL" start="2025-06-02T20:02:41.837008" elapsed="15.231101"/>
</suite>
<statistics>
<total>
<stat pass="0" fail="3" skip="0">All Tests</stat>
</total>
<tag>
</tag>
<suite>
<stat name="Teste Login" id="s1" pass="0" fail="3" skip="0">Teste Login</stat>
</suite>
</statistics>
<errors>
<msg time="2025-06-02T20:02:57.057948" level="WARN">Keyword 'Capture Page Screenshot' could not be run on failure: Message: no such window: target window already closed
from unknown error: web view not found
  (Session info: chrome=133.0.6943.128)
Stacktrace:
	GetHandleVerifier [0x00007FF6F324C6A5+28789]
	(No symbol) [0x00007FF6F31B5B20]
	(No symbol) [0x00007FF6F3048F9A]
	(No symbol) [0x00007FF6F3021563]
	(No symbol) [0x00007FF6F30CEF1E]
	(No symbol) [0x00007FF6F30EF0D2]
	(No symbol) [0x00007FF6F30C7103]
	(No symbol) [0x00007FF6F308FFC0]
	(No symbol) [0x00007FF6F3091273]
	GetHandleVerifier [0x00007FF6F3591AED+3458237]
	GetHandleVerifier [0x00007FF6F35A829C+3550316]
	GetHandleVerifier [0x00007FF6F359DB9D+3507565]
	GetHandleVerifier [0x00007FF6F3312C6A+841274]
	(No symbol) [0x00007FF6F31C09EF]
	(No symbol) [0x00007FF6F31BCB34]
	(No symbol) [0x00007FF6F31BCCD6]
	(No symbol) [0x00007FF6F31AC119]
	BaseThreadInitThunk [0x00007FF8B973E8D7+23]
	RtlUserThreadStart [0x00007FF8BA1FC5DC+44]
</msg>
</errors>
</robot>
